#
# A fatal error has been detected by the Java Runtime Environment:
#
#  SIGSEGV (0xb) at pc=0x000000010d60dda7, pid=52946, tid=0x0000000000003f03
#
# JRE version: Java(TM) SE Runtime Environment (8.0_181-b13) (build 1.8.0_181-b13)
# Java VM: Java HotSpot(TM) 64-Bit Server VM (25.181-b13 mixed mode bsd-amd64 compressed oops)
# Problematic frame:
# C  [libglass.dylib+0xcda7]  -[GlassFrameBufferObject blitFromFBO:]+0x37
#
# Failed to write core dump. Core dumps have been disabled. To enable core dumping, try "ulimit -c unlimited" before starting Java again
#
# If you would like to submit a bug report, please visit:
#   http://bugreport.java.com/bugreport/crash.jsp
# The crash happened outside the Java Virtual Machine in native code.
# See problematic frame for where to report the bug.
#

---------------  T H R E A D  ---------------

Current thread (0x00007f87e70d4800):  JavaThread "QuantumRenderer-0" daemon [_thread_in_native, id=16131, stack(0x0000700002abb000,0x0000700002bbb000)]

siginfo: si_signo: 11 (SIGSEGV), si_code: 1 (SEGV_MAPERR), si_addr: 0x0000000000000008

Registers:
RAX=0xe3dbeb9ab855009d, RBX=0x00007f87e54873d0, RCX=0x0000000000000001, RDX=0x0000000000000000
RSP=0x0000700002bba400, RBP=0x0000700002bba430, RSI=0x0000000000008ca6, RDI=0x00007f87e61b6a00
R8 =0x0000700002bba1cf, R9 =0x00007f87e61b6a00, R10=0x00007f87e564ab80, R11=0x00007fff3407dc3c
R12=0x0000000000000008, R13=0x000000010b515980, R14=0x0000000000000000, R15=0x00007fff56be7a00
RIP=0x000000010d60dda7, EFLAGS=0x0000000000010206, ERR=0x0000000000000004
  TRAPNO=0x000000000000000e

Top of Stack: (sp=0x0000700002bba400)
0x0000700002bba400:   0000000000000018 00007f87e5487440
0x0000700002bba410:   00007fff56be7a00 000000010b515980
0x0000700002bba420:   00007f87e574b4b0 00007fff56be7a00
0x0000700002bba430:   0000700002bba460 000000010d613cea
0x0000700002bba440:   0000000000000040 00007f87e5450f00
0x0000700002bba450:   00007f87e55cd020 0000000000000038
0x0000700002bba460:   0000700002bba490 000000010d610b55
0x0000700002bba470:   00007fff56be7a00 0000000000000000
0x0000700002bba480:   00007f87e55cd020 00007f87e70d4800
0x0000700002bba490:   0000700002bba4c0 000000010d61cc60
0x0000700002bba4a0:   000000010d61cbb0 000000010b515980
0x0000700002bba4b0:   0000700002bba558 00007f87e70d4800
0x0000700002bba4c0:   0000700002bba528 0000000110608667
0x0000700002bba4d0:   0000700002bba528 00000001106083c7
0x0000700002bba4e0:   0000000110608382 0000700002bba4e8
0x0000700002bba4f0:   000000010b515980 0000700002bba558
0x0000700002bba500:   000000011fe6bb80 0000000000000000
0x0000700002bba510:   000000010b515980 0000000000000000
0x0000700002bba520:   0000700002bba548 0000700002bba5a0
0x0000700002bba530:   00000001105f82bd 0000000000000000
0x0000700002bba540:   0000000110601d18 00007f87e55cd020
0x0000700002bba550:   0000000796f83f08 0000000796f83f08
0x0000700002bba560:   0000700002bba560 000000010b512821
0x0000700002bba570:   0000700002bba5b0 000000011fe3f0f0
0x0000700002bba580:   0000000000000000 000000010b512830
0x0000700002bba590:   0000700002bba548 0000700002bba5b0
0x0000700002bba5a0:   0000700002bba5f8 00000001105f82bd
0x0000700002bba5b0:   0000000796f83f08 0000700002bba5b8
0x0000700002bba5c0:   000000011fe6a183 0000700002bba608
0x0000700002bba5d0:   000000011fe6a738 0000000000000000
0x0000700002bba5e0:   000000011fe6a190 0000700002bba5b0
0x0000700002bba5f0:   0000700002bba608 0000700002bba650 

Instructions: (pc=0x000000010d60dda7)
0x000000010d60dd87:   7d 3c 03 00 48 8d 34 03 c7 04 03 00 00 00 00 bf
0x000000010d60dd97:   a6 8c 00 00 e8 70 fc 01 00 4c 8b 25 49 3c 03 00
0x000000010d60dda7:   43 8b 14 26 4c 8b 2d 46 3c 03 00 43 8b 0c 2e 48
0x000000010d60ddb7:   8b 35 0b 2e 03 00 48 89 df ff 15 ba a3 02 00 4c 

Register to memory mapping:

RAX=0xe3dbeb9ab855009d is an unknown value
RBX=0x00007f87e54873d0 is an unknown value
RCX=0x0000000000000001 is an unknown value
RDX=0x0000000000000000 is an unknown value
RSP=0x0000700002bba400 is pointing into the stack for thread: 0x00007f87e70d4800
RBP=0x0000700002bba430 is pointing into the stack for thread: 0x00007f87e70d4800
RSI=0x0000000000008ca6 is an unknown value
RDI=0x00007f87e61b6a00 is an unknown value
R8 =0x0000700002bba1cf is pointing into the stack for thread: 0x00007f87e70d4800
R9 =0x00007f87e61b6a00 is an unknown value
R10=0x00007f87e564ab80 is an unknown value
R11=0x00007fff3407dc3c: glGetIntegerv+0 in /System/Library/Frameworks/OpenGL.framework/Versions/A/Libraries/libGL.dylib at 0x00007fff3407c000
R12=0x0000000000000008 is an unknown value
R13={method} {0x000000010b515980} '_end' '(J)V' in 'com/sun/glass/ui/mac/MacView'
R14=0x0000000000000000 is an unknown value
R15=0x00007fff56be7a00: objc_msgSend+0 in /usr/lib/libobjc.A.dylib at 0x00007fff56be0000


Stack: [0x0000700002abb000,0x0000700002bbb000],  sp=0x0000700002bba400,  free space=1021k
Native frames: (J=compiled Java code, j=interpreted, Vv=VM code, C=native code)
C  [libglass.dylib+0xcda7]  -[GlassFrameBufferObject blitFromFBO:]+0x37
C  [libglass.dylib+0x12cea]  -[GlassOffscreen blitFromOffscreen:]+0x3a
C  [libglass.dylib+0xfb55]  -[GlassLayer3D flush]+0x35
C  [libglass.dylib+0x1bc60]  Java_com_sun_glass_ui_mac_MacView__1end+0xb0
j  com.sun.glass.ui.mac.MacView._end(J)V+0
j  com.sun.glass.ui.View.unlock()V+9
j  com.sun.prism.PresentableState.unlock()V+11
j  com.sun.javafx.tk.quantum.PresentingPainter.run()V+555
j  java.util.concurrent.Executors$RunnableAdapter.call()Ljava/lang/Object;+4
j  java.util.concurrent.FutureTask.runAndReset()Z+47
j  com.sun.javafx.tk.RenderJob.run()V+1
j  java.util.concurrent.ThreadPoolExecutor.runWorker(Ljava/util/concurrent/ThreadPoolExecutor$Worker;)V+95
j  java.util.concurrent.ThreadPoolExecutor$Worker.run()V+5
j  com.sun.javafx.tk.quantum.QuantumRenderer$PipelineRunnable.run()V+8
j  java.lang.Thread.run()V+11
v  ~StubRoutines::call_stub
V  [libjvm.dylib+0x2efcba]
V  [libjvm.dylib+0x2f045e]
V  [libjvm.dylib+0x2f060a]
V  [libjvm.dylib+0x34aef9]
V  [libjvm.dylib+0x56fa7f]
V  [libjvm.dylib+0x57117a]
V  [libjvm.dylib+0x48e342]
C  [libsystem_pthread.dylib+0x3339]  _pthread_body+0x7e
C  [libsystem_pthread.dylib+0x62a7]  _pthread_start+0x46
C  [libsystem_pthread.dylib+0x2445]  thread_start+0xd
C  0x0000000000000000

Java frames: (J=compiled Java code, j=interpreted, Vv=VM code)
j  com.sun.glass.ui.mac.MacView._end(J)V+0
j  com.sun.glass.ui.View.unlock()V+9
j  com.sun.prism.PresentableState.unlock()V+11
j  com.sun.javafx.tk.quantum.PresentingPainter.run()V+555
j  java.util.concurrent.Executors$RunnableAdapter.call()Ljava/lang/Object;+4
j  java.util.concurrent.FutureTask.runAndReset()Z+47
j  com.sun.javafx.tk.RenderJob.run()V+1
j  java.util.concurrent.ThreadPoolExecutor.runWorker(Ljava/util/concurrent/ThreadPoolExecutor$Worker;)V+95
j  java.util.concurrent.ThreadPoolExecutor$Worker.run()V+5
j  com.sun.javafx.tk.quantum.QuantumRenderer$PipelineRunnable.run()V+8
j  java.lang.Thread.run()V+11
v  ~StubRoutines::call_stub

---------------  P R O C E S S  ---------------

Java Threads: ( => current thread )
  0x00007f87e6114000 JavaThread "Prism Font Disposer" daemon [_thread_blocked, id=49435, stack(0x0000700002f4d000,0x000070000304d000)]
  0x00007f87e594f800 JavaThread "JavaFX-Launcher" [_thread_blocked, id=81155, stack(0x0000700002e4a000,0x0000700002f4a000)]
  0x00007f87e691f000 JavaThread "Thread-3" daemon [_thread_in_native, id=38415, stack(0x0000700001c0e000,0x0000700001c8e000)]
  0x00007f87e58b0800 JavaThread "JavaFX Application Thread" [_thread_in_native, id=775, stack(0x00007ffeeab62000,0x00007ffeeb362000)]
  0x00007f87e70e6800 JavaThread "Thread-1" daemon [_thread_blocked, id=24067, stack(0x0000700002bbe000,0x0000700002cbe000)]
=>0x00007f87e70d4800 JavaThread "QuantumRenderer-0" daemon [_thread_in_native, id=16131, stack(0x0000700002abb000,0x0000700002bbb000)]
  0x00007f87e6054000 JavaThread "Service Thread" daemon [_thread_blocked, id=15619, stack(0x00007000028b5000,0x00007000029b5000)]
  0x00007f87e6051000 JavaThread "C1 CompilerThread2" daemon [_thread_blocked, id=15107, stack(0x00007000027b2000,0x00007000028b2000)]
  0x00007f87e6050800 JavaThread "C2 CompilerThread1" daemon [_thread_blocked, id=19203, stack(0x00007000026af000,0x00007000027af000)]
  0x00007f87e605e000 JavaThread "C2 CompilerThread0" daemon [_thread_blocked, id=14339, stack(0x00007000025ac000,0x00007000026ac000)]
  0x00007f87e605d800 JavaThread "Signal Dispatcher" daemon [_thread_blocked, id=14083, stack(0x00007000024a9000,0x00007000025a9000)]
  0x00007f87e6021000 JavaThread "Finalizer" daemon [_thread_blocked, id=12291, stack(0x00007000023a6000,0x00007000024a6000)]
  0x00007f87e7001000 JavaThread "Reference Handler" daemon [_thread_blocked, id=20995, stack(0x00007000022a3000,0x00007000023a3000)]
  0x00007f87e6001800 JavaThread "main" [_thread_blocked, id=10243, stack(0x0000700001c91000,0x0000700001d91000)]

Other Threads:
  0x00007f87e6020800 VMThread [stack: 0x00007000021a0000,0x00007000022a0000] [id=21251]
  0x00007f87e682e000 WatcherThread [stack: 0x00007000029b8000,0x0000700002ab8000] [id=15875]

VM state:not at safepoint (normal execution)

VM Mutex/Monitor currently owned by a thread: None

Heap:
 PSYoungGen      total 38400K, used 33280K [0x0000000795580000, 0x0000000798000000, 0x00000007c0000000)
  eden space 33280K, 100% used [0x0000000795580000,0x0000000797600000,0x0000000797600000)
  from space 5120K, 0% used [0x0000000797b00000,0x0000000797b00000,0x0000000798000000)
  to   space 5120K, 0% used [0x0000000797600000,0x0000000797600000,0x0000000797b00000)
 ParOldGen       total 87552K, used 0K [0x0000000740000000, 0x0000000745580000, 0x0000000795580000)
  object space 87552K, 0% used [0x0000000740000000,0x0000000740000000,0x0000000745580000)
 Metaspace       used 14611K, capacity 15204K, committed 15360K, reserved 1062912K
  class space    used 2123K, capacity 2275K, committed 2304K, reserved 1048576K

Card table byte_map: [0x0000000106574000,0x0000000106975000] byte_map_base: 0x0000000102b74000

Marking Bits: (ParMarkBitMap*) 0x0000000105af9cd0
 Begin Bits: [0x0000000106c20000, 0x0000000108c20000)
 End Bits:   [0x0000000108c20000, 0x000000010ac20000)

Polling page: 0x000000010493f000

CodeCache: size=245760Kb used=3606Kb max_used=3606Kb free=242153Kb
 bounds [0x00000001105f0000, 0x0000000110980000, 0x000000011f5f0000]
 total_blobs=1582 nmethods=1002 adapters=493
 compilation: enabled

Compilation events (10 events):
Event: 62.475 Thread 0x00007f87e6051000  998       3       java.nio.charset.CoderResult::isUnderflow (13 bytes)
Event: 62.476 Thread 0x00007f87e6051000 nmethod 998 0x0000000110975f50 code [0x00000001109760c0, 0x0000000110976270]
Event: 62.476 Thread 0x00007f87e6051000  999       3       java.nio.CharBuffer::arrayOffset (35 bytes)
Event: 62.476 Thread 0x00007f87e6051000 nmethod 999 0x00000001109762d0 code [0x0000000110976460, 0x0000000110976778]
Event: 62.476 Thread 0x00007f87e6051000 1000       3       java.util.AbstractSet::<init> (5 bytes)
Event: 62.476 Thread 0x00007f87e6051000 nmethod 1000 0x00000001109768d0 code [0x0000000110976a40, 0x0000000110976c50]
Event: 62.476 Thread 0x00007f87e6051000 1001       3       java.lang.String::toString (2 bytes)
Event: 62.477 Thread 0x00007f87e6051000 nmethod 1001 0x0000000110976d50 code [0x0000000110976ea0, 0x0000000110976ff0]
Event: 62.477 Thread 0x00007f87e6051000 1002       3       java.nio.Buffer::limit (62 bytes)
Event: 62.477 Thread 0x00007f87e6051000 nmethod 1002 0x0000000110977050 code [0x00000001109771c0, 0x00000001109774c8]

GC Heap History (0 events):
No events

Deoptimization events (10 events):
Event: 46.453 Thread 0x00007f87e58b0800 Uncommon trap: reason=class_check action=maybe_recompile pc=0x000000011089df84 method=java.io.DataInputStream.readShort()S @ 4
Event: 46.454 Thread 0x00007f87e58b0800 Uncommon trap: reason=class_check action=maybe_recompile pc=0x000000011089df84 method=java.io.DataInputStream.readShort()S @ 4
Event: 46.454 Thread 0x00007f87e58b0800 Uncommon trap: reason=class_check action=maybe_recompile pc=0x000000011089df84 method=java.io.DataInputStream.readShort()S @ 4
Event: 46.460 Thread 0x00007f87e58b0800 Uncommon trap: reason=class_check action=maybe_recompile pc=0x000000011070d5c8 method=java.lang.String.equals(Ljava/lang/Object;)Z @ 8
Event: 46.460 Thread 0x00007f87e58b0800 Uncommon trap: reason=class_check action=maybe_recompile pc=0x000000011070d5c8 method=java.lang.String.equals(Ljava/lang/Object;)Z @ 8
Event: 46.460 Thread 0x00007f87e58b0800 Uncommon trap: reason=class_check action=maybe_recompile pc=0x000000011070d5c8 method=java.lang.String.equals(Ljava/lang/Object;)Z @ 8
Event: 46.462 Thread 0x00007f87e58b0800 Uncommon trap: reason=class_check action=maybe_recompile pc=0x000000011070d5c8 method=java.lang.String.equals(Ljava/lang/Object;)Z @ 8
Event: 46.537 Thread 0x00007f87e58b0800 Uncommon trap: reason=unstable_if action=reinterpret pc=0x00000001108e0980 method=java.util.HashMap.putVal(ILjava/lang/Object;Ljava/lang/Object;ZZ)Ljava/lang/Object; @ 193
Event: 46.537 Thread 0x00007f87e58b0800 Uncommon trap: reason=unstable_if action=reinterpret pc=0x00000001108e3414 method=java.util.HashMap.putVal(ILjava/lang/Object;Ljava/lang/Object;ZZ)Ljava/lang/Object; @ 193
Event: 62.470 Thread 0x00007f87e70d4800 Uncommon trap: reason=unstable_if action=reinterpret pc=0x00000001108d185c method=sun.net.www.ParseUtil.encodePath(Ljava/lang/String;Z)Ljava/lang/String; @ 109

Classes redefined (0 events):
No events

Internal exceptions (10 events):
Event: 0.233 Thread 0x00007f87e6001800 Exception <a 'java/security/PrivilegedActionException'> (0x000000079585d4f8) thrown at [/Users/java_re/workspace/8-2-build-macosx-x86_64/jdk8u181/11358/hotspot/src/share/vm/prims/jvm.cpp, line 1435]
Event: 0.233 Thread 0x00007f87e6001800 Exception <a 'java/security/PrivilegedActionException'> (0x0000000795860828) thrown at [/Users/java_re/workspace/8-2-build-macosx-x86_64/jdk8u181/11358/hotspot/src/share/vm/prims/jvm.cpp, line 1435]
Event: 0.233 Thread 0x00007f87e6001800 Exception <a 'java/security/PrivilegedActionException'> (0x0000000795860a38) thrown at [/Users/java_re/workspace/8-2-build-macosx-x86_64/jdk8u181/11358/hotspot/src/share/vm/prims/jvm.cpp, line 1435]
Event: 0.233 Thread 0x00007f87e6001800 Exception <a 'java/lang/NullPointerException'> (0x0000000795861228) thrown at [/Users/java_re/workspace/8-2-build-macosx-x86_64/jdk8u181/11358/hotspot/src/share/vm/interpreter/linkResolver.cpp, line 1185]
Event: 30.871 Thread 0x00007f87e58b0800 Exception <a 'java/lang/NullPointerException'> (0x000000079632b5c8) thrown at [/Users/java_re/workspace/8-2-build-macosx-x86_64/jdk8u181/11358/hotspot/src/share/vm/interpreter/linkResolver.cpp, line 1185]
Event: 30.871 Thread 0x00007f87e58b0800 Exception <a 'java/lang/NullPointerException'> (0x000000079632b5c8) thrown at [/Users/java_re/workspace/8-2-build-macosx-x86_64/jdk8u181/11358/hotspot/src/share/vm/prims/jvm.cpp, line 1439]
Event: 31.195 Thread 0x00007f87e58b0800 Exception <a 'java/lang/ArrayIndexOutOfBoundsException'> (0x000000079680d858) thrown at [/Users/java_re/workspace/8-2-build-macosx-x86_64/jdk8u181/11358/hotspot/src/share/vm/runtime/sharedRuntime.cpp, line 605]
Event: 31.195 Thread 0x00007f87e58b0800 Exception <a 'java/lang/ArrayIndexOutOfBoundsException'> (0x000000079680e370) thrown at [/Users/java_re/workspace/8-2-build-macosx-x86_64/jdk8u181/11358/hotspot/src/share/vm/runtime/sharedRuntime.cpp, line 605]
Event: 31.195 Thread 0x00007f87e58b0800 Exception <a 'java/lang/ArrayIndexOutOfBoundsException'> (0x000000079680f718) thrown at [/Users/java_re/workspace/8-2-build-macosx-x86_64/jdk8u181/11358/hotspot/src/share/vm/runtime/sharedRuntime.cpp, line 605]
Event: 62.473 Thread 0x00007f87e70d4800 Exception <a 'java/lang/reflect/InvocationTargetException'> (0x00000007975b9e00) thrown at [/Users/java_re/workspace/8-2-build-macosx-x86_64/jdk8u181/11358/hotspot/src/share/vm/runtime/reflection.cpp, line 1092]

Events (10 events):
Event: 62.471 loading class com/sun/prism/es2/ES2Shader
Event: 62.471 loading class com/sun/prism/es2/ES2Shader done
Event: 62.472 loading class com/sun/prism/impl/BaseGraphicsResource
Event: 62.472 loading class com/sun/prism/impl/BaseGraphicsResource done
Event: 62.473 loading class java/lang/Throwable$WrappedPrintStream
Event: 62.473 loading class java/lang/Throwable$PrintStreamOrWriter
Event: 62.473 loading class java/lang/Throwable$PrintStreamOrWriter done
Event: 62.473 loading class java/lang/Throwable$WrappedPrintStream done
Event: 62.473 loading class java/util/IdentityHashMap$KeySet
Event: 62.474 loading class java/util/IdentityHashMap$KeySet done


Dynamic libraries:
0x00007fff2a28a000 	/System/Library/Frameworks/Cocoa.framework/Versions/A/Cocoa
0x00007fff36534000 	/System/Library/Frameworks/Security.framework/Versions/A/Security
0x00007fff28e94000 	/System/Library/Frameworks/ApplicationServices.framework/Versions/A/ApplicationServices
0x00007fff57ac3000 	/usr/lib/libz.1.dylib
0x00007fff5513a000 	/usr/lib/libSystem.B.dylib
0x00007fff56be0000 	/usr/lib/libobjc.A.dylib
0x00007fff2aaad000 	/System/Library/Frameworks/CoreFoundation.framework/Versions/A/CoreFoundation
0x00007fff2ce32000 	/System/Library/Frameworks/Foundation.framework/Versions/C/Foundation
0x00007fff28022000 	/System/Library/Frameworks/AppKit.framework/Versions/C/AppKit
0x00007fff2a621000 	/System/Library/Frameworks/CoreData.framework/Versions/A/CoreData
0x00007fff4e320000 	/System/Library/PrivateFrameworks/RemoteViewServices.framework/Versions/A/RemoteViewServices
0x00007fff52e0f000 	/System/Library/PrivateFrameworks/UIFoundation.framework/Versions/A/UIFoundation
0x00007fff545c1000 	/System/Library/PrivateFrameworks/XCTTargetBootstrap.framework/Versions/A/XCTTargetBootstrap
0x00007fff48e36000 	/System/Library/PrivateFrameworks/IconServices.framework/Versions/A/IconServices
0x00007fff2f6ed000 	/System/Library/Frameworks/Metal.framework/Versions/A/Metal
0x00007fff40040000 	/System/Library/PrivateFrameworks/DesktopServicesPriv.framework/Versions/A/DesktopServicesPriv
0x00007fff55ef4000 	/usr/lib/libenergytrace.dylib
0x00007fff50b84000 	/System/Library/PrivateFrameworks/SkyLight.framework/Versions/A/SkyLight
0x00007fff2aefc000 	/System/Library/Frameworks/CoreGraphics.framework/Versions/A/CoreGraphics
0x00007fff26ddd000 	/System/Library/Frameworks/Accelerate.framework/Versions/A/Accelerate
0x00007fff2d5bb000 	/System/Library/Frameworks/IOSurface.framework/Versions/A/IOSurface
0x00007fff3fea2000 	/System/Library/PrivateFrameworks/DFRFoundation.framework/Versions/A/DFRFoundation
0x00007fff29399000 	/System/Library/Frameworks/AudioToolbox.framework/Versions/A/AudioToolbox
0x00007fff29637000 	/System/Library/Frameworks/AudioUnit.framework/Versions/A/AudioUnit
0x00007fff3ff39000 	/System/Library/PrivateFrameworks/DataDetectorsCore.framework/Versions/A/DataDetectorsCore
0x00007fff29d76000 	/System/Library/Frameworks/Carbon.framework/Versions/A/Frameworks/HIToolbox.framework/Versions/A/HIToolbox
0x00007fff5604f000 	/usr/lib/libicucore.A.dylib
0x00007fff35a8e000 	/System/Library/Frameworks/QuartzCore.framework/Versions/A/QuartzCore
0x00007fff2a15d000 	/System/Library/Frameworks/Carbon.framework/Versions/A/Frameworks/SpeechRecognition.framework/Versions/A/SpeechRecognition
0x00007fff5529d000 	/usr/lib/libauto.dylib
0x00007fff579b6000 	/usr/lib/libxml2.2.dylib
0x00007fff3faa1000 	/System/Library/PrivateFrameworks/CoreUI.framework/Versions/A/CoreUI
0x00007fff2a4ff000 	/System/Library/Frameworks/CoreAudio.framework/Versions/A/CoreAudio
0x00007fff2cc64000 	/System/Library/Frameworks/DiskArbitration.framework/Versions/A/DiskArbitration
0x00007fff562ff000 	/usr/lib/liblangid.dylib
0x00007fff4a2e2000 	/System/Library/PrivateFrameworks/MultitouchSupport.framework/Versions/A/MultitouchSupport
0x00007fff2d527000 	/System/Library/Frameworks/IOKit.framework/Versions/A/IOKit
0x00007fff54d88000 	/usr/lib/libDiagnosticMessagesClient.dylib
0x00007fff2bd6a000 	/System/Library/Frameworks/CoreServices.framework/Versions/A/CoreServices
0x00007fff4c011000 	/System/Library/PrivateFrameworks/PerformanceAnalysis.framework/Versions/A/PerformanceAnalysis
0x00007fff34c23000 	/System/Library/Frameworks/OpenGL.framework/Versions/A/OpenGL
0x00007fff2a298000 	/System/Library/Frameworks/ColorSync.framework/Versions/A/ColorSync
0x00007fff2b58b000 	/System/Library/Frameworks/CoreImage.framework/Versions/A/CoreImage
0x00007fff2c7ad000 	/System/Library/Frameworks/CoreText.framework/Versions/A/CoreText
0x00007fff2d61c000 	/System/Library/Frameworks/ImageIO.framework/Versions/A/ImageIO
0x00007fff3c0fa000 	/System/Library/PrivateFrameworks/Backup.framework/Versions/A/Backup
0x00007fff551f0000 	/usr/lib/libarchive.2.dylib
0x00007fff2999b000 	/System/Library/Frameworks/CFNetwork.framework/Versions/A/CFNetwork
0x00007fff36cdd000 	/System/Library/Frameworks/SystemConfiguration.framework/Versions/A/SystemConfiguration
0x00007fff54cb1000 	/usr/lib/libCRFSuite.dylib
0x00007fff55394000 	/usr/lib/libc++.1.dylib
0x00007fff553ec000 	/usr/lib/libc++abi.dylib
0x00007fff57b46000 	/usr/lib/system/libcache.dylib
0x00007fff57b4b000 	/usr/lib/system/libcommonCrypto.dylib
0x00007fff57b56000 	/usr/lib/system/libcompiler_rt.dylib
0x00007fff57b5e000 	/usr/lib/system/libcopyfile.dylib
0x00007fff57b68000 	/usr/lib/system/libcorecrypto.dylib
0x00007fff57c73000 	/usr/lib/system/libdispatch.dylib
0x00007fff57cae000 	/usr/lib/system/libdyld.dylib
0x00007fff57cde000 	/usr/lib/system/libkeymgr.dylib
0x00007fff57cec000 	/usr/lib/system/liblaunch.dylib
0x00007fff57ced000 	/usr/lib/system/libmacho.dylib
0x00007fff57cf3000 	/usr/lib/system/libquarantine.dylib
0x00007fff57cf6000 	/usr/lib/system/libremovefile.dylib
0x00007fff57cf8000 	/usr/lib/system/libsystem_asl.dylib
0x00007fff57d10000 	/usr/lib/system/libsystem_blocks.dylib
0x00007fff57d11000 	/usr/lib/system/libsystem_c.dylib
0x00007fff57d9a000 	/usr/lib/system/libsystem_configuration.dylib
0x00007fff57d9e000 	/usr/lib/system/libsystem_coreservices.dylib
0x00007fff57da2000 	/usr/lib/system/libsystem_darwin.dylib
0x00007fff57da9000 	/usr/lib/system/libsystem_dnssd.dylib
0x00007fff57db0000 	/usr/lib/system/libsystem_info.dylib
0x00007fff57e25000 	/usr/lib/system/libsystem_m.dylib
0x00007fff57e71000 	/usr/lib/system/libsystem_malloc.dylib
0x00007fff57e96000 	/usr/lib/system/libsystem_networkextension.dylib
0x00007fff57ea2000 	/usr/lib/system/libsystem_notify.dylib
0x00007fff57ebf000 	/usr/lib/system/libsystem_sandbox.dylib
0x00007fff57ec3000 	/usr/lib/system/libsystem_secinit.dylib
0x00007fff57dfd000 	/usr/lib/system/libsystem_kernel.dylib
0x00007fff57eaa000 	/usr/lib/system/libsystem_platform.dylib
0x00007fff57eb4000 	/usr/lib/system/libsystem_pthread.dylib
0x00007fff57ec6000 	/usr/lib/system/libsystem_symptoms.dylib
0x00007fff57ece000 	/usr/lib/system/libsystem_trace.dylib
0x00007fff57ee5000 	/usr/lib/system/libunwind.dylib
0x00007fff57eeb000 	/usr/lib/system/libxpc.dylib
0x00007fff55374000 	/usr/lib/libbsm.0.dylib
0x00007fff57cdf000 	/usr/lib/system/libkxld.dylib
0x00007fff3b3a8000 	/System/Library/PrivateFrameworks/AppleFSCompression.framework/Versions/A/AppleFSCompression
0x00007fff54ff9000 	/usr/lib/libOpenScriptingUtil.dylib
0x00007fff556d7000 	/usr/lib/libcoretls.dylib
0x00007fff556ee000 	/usr/lib/libcoretls_cfhelpers.dylib
0x00007fff57379000 	/usr/lib/libpam.2.dylib
0x00007fff5753c000 	/usr/lib/libsqlite3.dylib
0x00007fff579a4000 	/usr/lib/libxar.1.dylib
0x00007fff55385000 	/usr/lib/libbz2.1.0.dylib
0x00007fff56301000 	/usr/lib/liblzma.5.dylib
0x00007fff567f7000 	/usr/lib/libnetwork.dylib
0x00007fff551d9000 	/usr/lib/libapple_nghttp2.dylib
0x00007fff57380000 	/usr/lib/libpcap.A.dylib
0x00007fff2c10e000 	/System/Library/Frameworks/CoreServices.framework/Versions/A/Frameworks/FSEvents.framework/Versions/A/FSEvents
0x00007fff2bdea000 	/System/Library/Frameworks/CoreServices.framework/Versions/A/Frameworks/CarbonCore.framework/Versions/A/CarbonCore
0x00007fff2c2e3000 	/System/Library/Frameworks/CoreServices.framework/Versions/A/Frameworks/Metadata.framework/Versions/A/Metadata
0x00007fff2c386000 	/System/Library/Frameworks/CoreServices.framework/Versions/A/Frameworks/OSServices.framework/Versions/A/OSServices
0x00007fff2c3d2000 	/System/Library/Frameworks/CoreServices.framework/Versions/A/Frameworks/SearchKit.framework/Versions/A/SearchKit
0x00007fff2bd6b000 	/System/Library/Frameworks/CoreServices.framework/Versions/A/Frameworks/AE.framework/Versions/A/AE
0x00007fff2c117000 	/System/Library/Frameworks/CoreServices.framework/Versions/A/Frameworks/LaunchServices.framework/Versions/A/LaunchServices
0x00007fff2c0c3000 	/System/Library/Frameworks/CoreServices.framework/Versions/A/Frameworks/DictionaryServices.framework/Versions/A/DictionaryServices
0x00007fff2c441000 	/System/Library/Frameworks/CoreServices.framework/Versions/A/Frameworks/SharedFileList.framework/Versions/A/SharedFileList
0x00007fff30bb4000 	/System/Library/Frameworks/NetFS.framework/Versions/A/NetFS
0x00007fff4a57f000 	/System/Library/PrivateFrameworks/NetAuth.framework/Versions/A/NetAuth
0x00007fff549f5000 	/System/Library/PrivateFrameworks/login.framework/Versions/A/Frameworks/loginsupport.framework/Versions/A/loginsupport
0x00007fff52a08000 	/System/Library/PrivateFrameworks/TCC.framework/Versions/A/TCC
0x00007fff3f0c4000 	/System/Library/PrivateFrameworks/CoreNLP.framework/Versions/A/CoreNLP
0x00007fff49fd4000 	/System/Library/PrivateFrameworks/MetadataUtilities.framework/Versions/A/MetadataUtilities
0x00007fff563e2000 	/usr/lib/libmecabra.dylib
0x00007fff28e95000 	/System/Library/Frameworks/ApplicationServices.framework/Versions/A/Frameworks/ATS.framework/Versions/A/ATS
0x00007fff29200000 	/System/Library/Frameworks/ApplicationServices.framework/Versions/A/Frameworks/ColorSyncLegacy.framework/Versions/A/ColorSyncLegacy
0x00007fff292a1000 	/System/Library/Frameworks/ApplicationServices.framework/Versions/A/Frameworks/HIServices.framework/Versions/A/HIServices
0x00007fff292f4000 	/System/Library/Frameworks/ApplicationServices.framework/Versions/A/Frameworks/LangAnalysis.framework/Versions/A/LangAnalysis
0x00007fff29303000 	/System/Library/Frameworks/ApplicationServices.framework/Versions/A/Frameworks/PrintCore.framework/Versions/A/PrintCore
0x00007fff29350000 	/System/Library/Frameworks/ApplicationServices.framework/Versions/A/Frameworks/QD.framework/Versions/A/QD
0x00007fff2938c000 	/System/Library/Frameworks/ApplicationServices.framework/Versions/A/Frameworks/SpeechSynthesis.framework/Versions/A/SpeechSynthesis
0x00007fff55414000 	/usr/lib/libcompression.dylib
0x00007fff2a9c3000 	/System/Library/Frameworks/CoreDisplay.framework/Versions/A/CoreDisplay
0x00007fff2f9b5000 	/System/Library/Frameworks/MetalPerformanceShaders.framework/Versions/A/MetalPerformanceShaders
0x00007fff26df5000 	/System/Library/Frameworks/Accelerate.framework/Versions/A/Frameworks/vImage.framework/Versions/A/vImage
0x00007fff27e71000 	/System/Library/Frameworks/Accelerate.framework/Versions/A/Frameworks/vecLib.framework/Versions/A/vecLib
0x00007fff27dbb000 	/System/Library/Frameworks/Accelerate.framework/Versions/A/Frameworks/vecLib.framework/Versions/A/libvMisc.dylib
0x00007fff27bd6000 	/System/Library/Frameworks/Accelerate.framework/Versions/A/Frameworks/vecLib.framework/Versions/A/libvDSP.dylib
0x00007fff27496000 	/System/Library/Frameworks/Accelerate.framework/Versions/A/Frameworks/vecLib.framework/Versions/A/libBLAS.dylib
0x00007fff27781000 	/System/Library/Frameworks/Accelerate.framework/Versions/A/Frameworks/vecLib.framework/Versions/A/libLAPACK.dylib
0x00007fff27b28000 	/System/Library/Frameworks/Accelerate.framework/Versions/A/Frameworks/vecLib.framework/Versions/A/libLinearAlgebra.dylib
0x00007fff27bc2000 	/System/Library/Frameworks/Accelerate.framework/Versions/A/Frameworks/vecLib.framework/Versions/A/libSparseBLAS.dylib
0x00007fff27b3e000 	/System/Library/Frameworks/Accelerate.framework/Versions/A/Frameworks/vecLib.framework/Versions/A/libQuadrature.dylib
0x00007fff2770e000 	/System/Library/Frameworks/Accelerate.framework/Versions/A/Frameworks/vecLib.framework/Versions/A/libBNNS.dylib
0x00007fff27b44000 	/System/Library/Frameworks/Accelerate.framework/Versions/A/Frameworks/vecLib.framework/Versions/A/libSparse.dylib
0x00007fff465d1000 	/System/Library/PrivateFrameworks/GPUWrangler.framework/Versions/A/GPUWrangler
0x00007fff489fd000 	/System/Library/PrivateFrameworks/IOAccelerator.framework/Versions/A/IOAccelerator
0x00007fff48a08000 	/System/Library/PrivateFrameworks/IOPresentment.framework/Versions/A/IOPresentment
0x00007fff3feb2000 	/System/Library/PrivateFrameworks/DSExternalDisplay.framework/Versions/A/DSExternalDisplay
0x00007fff34068000 	/System/Library/Frameworks/OpenGL.framework/Versions/A/Libraries/libCoreFSCache.dylib
0x00007fff2f79d000 	/System/Library/Frameworks/MetalPerformanceShaders.framework/Frameworks/MPSCore.framework/Versions/A/MPSCore
0x00007fff2f7be000 	/System/Library/Frameworks/MetalPerformanceShaders.framework/Frameworks/MPSImage.framework/Versions/A/MPSImage
0x00007fff2f866000 	/System/Library/Frameworks/MetalPerformanceShaders.framework/Frameworks/MPSNeuralNetwork.framework/Versions/A/MPSNeuralNetwork
0x00007fff2f83d000 	/System/Library/Frameworks/MetalPerformanceShaders.framework/Frameworks/MPSMatrix.framework/Versions/A/MPSMatrix
0x00007fff2f999000 	/System/Library/Frameworks/MetalPerformanceShaders.framework/Frameworks/MPSRayIntersector.framework/Versions/A/MPSRayIntersector
0x00007fff49ffd000 	/System/Library/PrivateFrameworks/MetalTools.framework/Versions/A/MetalTools
0x00007fff3aaa3000 	/System/Library/PrivateFrameworks/AggregateDictionary.framework/Versions/A/AggregateDictionary
0x00007fff54fd9000 	/usr/lib/libMobileGestalt.dylib
0x00007fff2c913000 	/System/Library/Frameworks/CoreVideo.framework/Versions/A/CoreVideo
0x00007fff4743c000 	/System/Library/PrivateFrameworks/GraphVisualizer.framework/Versions/A/GraphVisualizer
0x00007fff411e1000 	/System/Library/PrivateFrameworks/FaceCore.framework/Versions/A/FaceCore
0x00007fff33680000 	/System/Library/Frameworks/OpenCL.framework/Versions/A/OpenCL
0x00007fff54dc0000 	/usr/lib/libFosl_dynamic.dylib
0x00007fff4ae55000 	/System/Library/PrivateFrameworks/OTSVG.framework/Versions/A/OTSVG
0x00007fff28f99000 	/System/Library/Frameworks/ApplicationServices.framework/Versions/A/Frameworks/ATS.framework/Versions/A/Resources/libFontParser.dylib
0x00007fff290b9000 	/System/Library/Frameworks/ApplicationServices.framework/Versions/A/Frameworks/ATS.framework/Versions/A/Resources/libFontRegistry.dylib
0x00007fff2d8a6000 	/System/Library/Frameworks/ImageIO.framework/Versions/A/Resources/libJPEG.dylib
0x00007fff2dbc8000 	/System/Library/Frameworks/ImageIO.framework/Versions/A/Resources/libTIFF.dylib
0x00007fff2db9e000 	/System/Library/Frameworks/ImageIO.framework/Versions/A/Resources/libPng.dylib
0x00007fff2d7bb000 	/System/Library/Frameworks/ImageIO.framework/Versions/A/Resources/libGIF.dylib
0x00007fff2d7c0000 	/System/Library/Frameworks/ImageIO.framework/Versions/A/Resources/libJP2.dylib
0x00007fff2dbc5000 	/System/Library/Frameworks/ImageIO.framework/Versions/A/Resources/libRadiance.dylib
0x00007fff3b501000 	/System/Library/PrivateFrameworks/AppleJPEG.framework/Versions/A/AppleJPEG
0x00007fff34073000 	/System/Library/Frameworks/OpenGL.framework/Versions/A/Libraries/libGFXShared.dylib
0x00007fff34236000 	/System/Library/Frameworks/OpenGL.framework/Versions/A/Libraries/libGLU.dylib
0x00007fff3407c000 	/System/Library/Frameworks/OpenGL.framework/Versions/A/Libraries/libGL.dylib
0x00007fff34088000 	/System/Library/Frameworks/OpenGL.framework/Versions/A/Libraries/libGLImage.dylib
0x00007fff34065000 	/System/Library/Frameworks/OpenGL.framework/Versions/A/Libraries/libCVMSPluginSupport.dylib
0x00007fff3406e000 	/System/Library/Frameworks/OpenGL.framework/Versions/A/Libraries/libCoreVMClient.dylib
0x00007fff55d66000 	/usr/lib/libcups.2.dylib
0x00007fff2ecb3000 	/System/Library/Frameworks/Kerberos.framework/Versions/A/Kerberos
0x00007fff2d271000 	/System/Library/Frameworks/GSS.framework/Versions/A/GSS
0x00007fff574d0000 	/usr/lib/libresolv.9.dylib
0x00007fff55f5d000 	/usr/lib/libiconv.2.dylib
0x00007fff4759c000 	/System/Library/PrivateFrameworks/Heimdal.framework/Versions/A/Heimdal
0x00007fff55f2c000 	/usr/lib/libheimdal-asn1.dylib
0x00007fff336f6000 	/System/Library/Frameworks/OpenDirectory.framework/Versions/A/OpenDirectory
0x00007fff3ddbf000 	/System/Library/PrivateFrameworks/CommonAuth.framework/Versions/A/CommonAuth
0x00007fff336d9000 	/System/Library/Frameworks/OpenDirectory.framework/Versions/A/Frameworks/CFOpenDirectory.framework/Versions/A/CFOpenDirectory
0x00007fff3685b000 	/System/Library/Frameworks/SecurityFoundation.framework/Versions/A/SecurityFoundation
0x00007fff39fb4000 	/System/Library/PrivateFrameworks/APFS.framework/Versions/A/APFS
0x00007fff579a0000 	/usr/lib/libutil.dylib
0x00007fff55402000 	/usr/lib/libcharset.1.dylib
0x00007fff3b79c000 	/System/Library/PrivateFrameworks/AppleSauce.framework/Versions/A/AppleSauce
0x00007fff3b92a000 	/System/Library/PrivateFrameworks/AssertionServices.framework/Versions/A/AssertionServices
0x00007fff3c19d000 	/System/Library/PrivateFrameworks/BaseBoard.framework/Versions/A/BaseBoard
0x00007fff56331000 	/usr/lib/libmecab.1.0.0.dylib
0x00007fff55f26000 	/usr/lib/libgermantok.dylib
0x00007fff551c5000 	/usr/lib/libThaiTokenizer.dylib
0x00007fff54cec000 	/usr/lib/libChineseTokenizer.dylib
0x00007fff49132000 	/System/Library/PrivateFrameworks/LanguageModeling.framework/Versions/A/LanguageModeling
0x00007fff3eada000 	/System/Library/PrivateFrameworks/CoreEmoji.framework/Versions/A/CoreEmoji
0x00007fff4922a000 	/System/Library/PrivateFrameworks/Lexicon.framework/Versions/A/Lexicon
0x00007fff49272000 	/System/Library/PrivateFrameworks/LinguisticData.framework/Versions/A/LinguisticData
0x00007fff55403000 	/usr/lib/libcmph.dylib
0x00007fff3691c000 	/System/Library/Frameworks/ServiceManagement.framework/Versions/A/ServiceManagement
0x00007fff3c0f0000 	/System/Library/PrivateFrameworks/BackgroundTaskManagement.framework/Versions/A/BackgroundTaskManagement
0x00007fff57a9a000 	/usr/lib/libxslt.1.dylib
0x00007fff2a088000 	/System/Library/Frameworks/Carbon.framework/Versions/A/Frameworks/Ink.framework/Versions/A/Ink
0x00007fff52c87000 	/System/Library/PrivateFrameworks/TextureIO.framework/Versions/A/TextureIO
0x00007fff5521a000 	/usr/lib/libate.dylib
0x00007fff3fe0e000 	/System/Library/PrivateFrameworks/CrashReporterSupport.framework/Versions/A/CrashReporterSupport
0x00007fff4fcb3000 	/System/Library/PrivateFrameworks/Sharing.framework/Versions/A/Sharing
0x00007fff3bc7c000 	/System/Library/PrivateFrameworks/AuthKit.framework/Versions/A/AuthKit
0x00007fff3b0a0000 	/System/Library/PrivateFrameworks/Apple80211.framework/Versions/A/Apple80211
0x00007fff3fbce000 	/System/Library/PrivateFrameworks/CoreUtils.framework/Versions/A/CoreUtils
0x00007fff2c951000 	/System/Library/Frameworks/CoreWLAN.framework/Versions/A/CoreWLAN
0x00007fff2d3bb000 	/System/Library/Frameworks/IOBluetooth.framework/Versions/A/IOBluetooth
0x00007fff4dfe0000 	/System/Library/PrivateFrameworks/ProtocolBuffer.framework/Versions/A/ProtocolBuffer
0x00007fff4a239000 	/System/Library/PrivateFrameworks/MobileKeyBag.framework/Versions/A/MobileKeyBag
0x00007fff3f3f1000 	/System/Library/PrivateFrameworks/CorePhoneNumbers.framework/Versions/A/CorePhoneNumbers
0x00007fff3b4b5000 	/System/Library/PrivateFrameworks/AppleIDAuthSupport.framework/Versions/A/AppleIDAuthSupport
0x00007fff49104000 	/System/Library/PrivateFrameworks/KeychainCircle.framework/Versions/A/KeychainCircle
0x00007fff4e1ad000 	/System/Library/PrivateFrameworks/ROCKit.framework/Versions/A/ROCKit
0x00007fff3fdaa000 	/System/Library/PrivateFrameworks/CoreWiFi.framework/Versions/A/CoreWiFi
0x00007fff2a5f5000 	/System/Library/Frameworks/CoreBluetooth.framework/Versions/A/CoreBluetooth
0x00007fff3fffe000 	/System/Library/PrivateFrameworks/DebugSymbols.framework/Versions/A/DebugSymbols
0x00007fff3f983000 	/System/Library/PrivateFrameworks/CoreSymbolication.framework/Versions/A/CoreSymbolication
0x00007fff52472000 	/System/Library/PrivateFrameworks/Symbolication.framework/Versions/A/Symbolication
0x00007fff51605000 	/System/Library/PrivateFrameworks/SpeechRecognitionCore.framework/Versions/A/SpeechRecognitionCore
0x0000000105200000 	/Library/Java/JavaVirtualMachines/jdk1.8.0_181.jdk/Contents/Home/jre/lib/server/libjvm.dylib
0x00007fff57864000 	/usr/lib/libstdc++.6.dylib
0x00000001048fb000 	/Library/Java/JavaVirtualMachines/jdk1.8.0_181.jdk/Contents/Home/jre/lib/libverify.dylib
0x0000000104909000 	/Library/Java/JavaVirtualMachines/jdk1.8.0_181.jdk/Contents/Home/jre/lib/libjava.dylib
0x0000000104989000 	/Library/Java/JavaVirtualMachines/jdk1.8.0_181.jdk/Contents/Home/jre/lib/libzip.dylib
0x000000010cb29000 	/Library/Java/JavaVirtualMachines/jdk1.8.0_181.jdk/Contents/Home/jre/lib/libprism_es2.dylib
0x00007fff3f588000 	/System/Library/PrivateFrameworks/CoreServicesInternal.framework/Versions/A/CoreServicesInternal
0x00007fff34c33000 	/System/Library/Frameworks/OpenGL.framework/Versions/A/Resources/GLEngine.bundle/GLEngine
0x00007fff340c3000 	/System/Library/Frameworks/OpenGL.framework/Versions/A/Libraries/libGLProgrammability.dylib
0x00007fff24310000 	/System/Library/Extensions/AppleIntelSKLGraphicsGLDriver.bundle/Contents/MacOS/AppleIntelSKLGraphicsGLDriver
0x00007fff465c5000 	/System/Library/PrivateFrameworks/GPUSupport.framework/Versions/A/Libraries/libGPUSupportMercury.dylib
0x00007fff34dca000 	/System/Library/Frameworks/OpenGL.framework/Versions/A/Resources/GLRendererFloat.bundle/GLRendererFloat
0x00007fff33677000 	/System/Library/Frameworks/OpenCL.framework/Versions/A/Libraries/libcldcpuengine.dylib
0x00007fff5588e000 	/usr/lib/libcrypto.35.dylib
0x00007fff52e08000 	/System/Library/PrivateFrameworks/TrustEvaluationAgent.framework/Versions/A/TrustEvaluationAgent
0x000000010d601000 	/Library/Java/JavaVirtualMachines/jdk1.8.0_181.jdk/Contents/Home/jre/lib/libglass.dylib
0x00007fff20917000 	/System/Library/CoreServices/RawCamera.bundle/Contents/MacOS/RawCamera
0x00007fff4a0a4000 	/System/Library/PrivateFrameworks/MobileAsset.framework/Versions/A/MobileAsset
0x00007fff51cf6000 	/System/Library/PrivateFrameworks/StreamingZip.framework/Versions/A/StreamingZip
0x00007fff2f04e000 	/System/Library/Frameworks/MediaToolbox.framework/Versions/A/MediaToolbox
0x00007fff3e660000 	/System/Library/PrivateFrameworks/CoreAVCHD.framework/Versions/A/CoreAVCHD
0x00007fff2ef8a000 	/System/Library/Frameworks/MediaAccessibility.framework/Versions/A/MediaAccessibility
0x00007fff49ad6000 	/System/Library/PrivateFrameworks/Mangrove.framework/Versions/A/Mangrove
0x00007fff2bc05000 	/System/Library/Frameworks/CoreMedia.framework/Versions/A/CoreMedia
0x00007fff36fae000 	/System/Library/Frameworks/VideoToolbox.framework/Versions/A/VideoToolbox
0x00007fff3e288000 	/System/Library/PrivateFrameworks/CoreAUC.framework/Versions/A/CoreAUC
0x00007fff5753a000 	/usr/lib/libspindump.dylib
0x00007fff3b88f000 	/System/Library/PrivateFrameworks/AppleVA.framework/Versions/A/AppleVA
0x00007fff26dde000 	/System/Library/Frameworks/Accelerate.framework/Versions/A/Frameworks/vImage.framework/Versions/A/Libraries/libCGInterfaces.dylib
0x00007fff41613000 	/System/Library/PrivateFrameworks/FamilyControls.framework/Versions/A/FamilyControls
0x00007fff3ddb2000 	/System/Library/PrivateFrameworks/CommerceKit.framework/Versions/A/Frameworks/CommerceCore.framework/Versions/A/CommerceCore
0x00007fff5275b000 	/System/Library/PrivateFrameworks/SystemAdministration.framework/Versions/A/SystemAdministration
0x00007fff3af9b000 	/System/Library/PrivateFrameworks/AppContainer.framework/Versions/A/AppContainer
0x00007fff3afb8000 	/System/Library/PrivateFrameworks/AppSandbox.framework/Versions/A/AppSandbox
0x00007fff4fb4b000 	/System/Library/PrivateFrameworks/SecCodeWrapper.framework/Versions/A/SecCodeWrapper
0x00007fff574ea000 	/usr/lib/libsandbox.1.dylib
0x00007fff54fa4000 	/usr/lib/libMatch.1.dylib
0x00007fff4039e000 	/System/Library/PrivateFrameworks/DiskManagement.framework/Versions/A/DiskManagement
0x00007fff2cb77000 	/System/Library/Frameworks/DirectoryService.framework/Versions/A/DirectoryService
0x00007fff402cb000 	/System/Library/PrivateFrameworks/DiskImages.framework/Versions/A/DiskImages
0x00007fff49371000 	/System/Library/PrivateFrameworks/LoginUIKit.framework/Versions/A/Frameworks/LoginUICore.framework/Versions/A/LoginUICore
0x00007fff54cf8000 	/usr/lib/libCoreStorage.dylib
0x00007fff55d52000 	/usr/lib/libcsfde.dylib
0x00007fff57367000 	/usr/lib/libodfde.dylib
0x00007fff49bf7000 	/System/Library/PrivateFrameworks/MediaKit.framework/Versions/A/MediaKit
0x00007fff2cb83000 	/System/Library/Frameworks/DiscRecording.framework/Versions/A/DiscRecording
0x00007fff4050b000 	/System/Library/PrivateFrameworks/EFILogin.framework/Versions/A/EFILogin
0x00007fff4df88000 	/System/Library/PrivateFrameworks/ProtectedCloudStorage.framework/Versions/A/ProtectedCloudStorage
0x00007fff55de6000 	/usr/lib/libcurl.4.dylib
0x00007fff55bb9000 	/usr/lib/libcrypto.42.dylib
0x00007fff57816000 	/usr/lib/libssl.44.dylib
0x00007fff2eccd000 	/System/Library/Frameworks/LDAP.framework/Versions/A/LDAP
0x00007fff57527000 	/usr/lib/libsasl2.2.dylib
0x00007fff3e8bf000 	/System/Library/PrivateFrameworks/CoreDaemon.framework/Versions/B/CoreDaemon
0x00007fff3b797000 	/System/Library/PrivateFrameworks/AppleSRP.framework/Versions/A/AppleSRP
0x00007fff53cb8000 	/System/Library/PrivateFrameworks/ViewBridge.framework/Versions/A/ViewBridge
0x000000010cecc000 	/usr/lib/libobjc-trampolines.dylib
0x000000010cee3000 	/Library/Java/JavaVirtualMachines/jdk1.8.0_181.jdk/Contents/Home/jre/lib/libjavafx_font.dylib
0x00007fff29163000 	/System/Library/Frameworks/ApplicationServices.framework/Versions/A/Frameworks/ATS.framework/Versions/A/Resources/libTrueTypeScaler.dylib

VM Arguments:
jvm_args: -Dfile.encoding=UTF-8 
java_command: /Users/benfrailey/Desktop/Programming/CS 3330/Challenges/BcfdkpConcertTracker/dist/run1001665594/BcfdkpConcertTracker.jar
java_class_path (initial): /Users/benfrailey/Desktop/Programming/CS 3330/Challenges/BcfdkpConcertTracker/dist/run1001665594/BcfdkpConcertTracker.jar
Launcher Type: SUN_STANDARD

Environment Variables:
PATH=/usr/bin:/bin:/usr/sbin:/sbin
LD_LIBRARY_PATH=/Library/Java/JavaVirtualMachines/jdk1.8.0_181.jdk/Contents/Home/jre/lib/amd64:/Library/Java/JavaVirtualMachines/jdk1.8.0_181.jdk/Contents/Home/jre/lib/i386:
SHELL=/bin/bash

Signal Handlers:
SIGSEGV: [libjvm.dylib+0x5b6029], sa_mask[0]=11111111011111110111111111111111, sa_flags=SA_ONSTACK|SA_RESTART|SA_SIGINFO
SIGBUS: [libjvm.dylib+0x5b6029], sa_mask[0]=11111111011111110111111111111111, sa_flags=SA_RESTART|SA_SIGINFO
SIGFPE: [libjvm.dylib+0x48b934], sa_mask[0]=11111111011111110111111111111111, sa_flags=SA_RESTART|SA_SIGINFO
SIGPIPE: [libjvm.dylib+0x48b934], sa_mask[0]=11111111011111110111111111111111, sa_flags=SA_RESTART|SA_SIGINFO
SIGXFSZ: [libjvm.dylib+0x48b934], sa_mask[0]=11111111011111110111111111111111, sa_flags=SA_RESTART|SA_SIGINFO
SIGILL: [libjvm.dylib+0x48b934], sa_mask[0]=11111111011111110111111111111111, sa_flags=SA_RESTART|SA_SIGINFO
SIGUSR1: SIG_DFL, sa_mask[0]=00000000000000000000000000000000, sa_flags=none
SIGUSR2: [libjvm.dylib+0x48b452], sa_mask[0]=00100000000000000000000000000000, sa_flags=SA_RESTART|SA_SIGINFO
SIGHUP: [libjvm.dylib+0x489a1d], sa_mask[0]=11111111011111110111111111111111, sa_flags=SA_RESTART|SA_SIGINFO
SIGINT: SIG_IGN, sa_mask[0]=00000000000000000000000000000000, sa_flags=none
SIGTERM: [libjvm.dylib+0x489a1d], sa_mask[0]=11111111011111110111111111111111, sa_flags=SA_RESTART|SA_SIGINFO
SIGQUIT: [libjvm.dylib+0x489a1d], sa_mask[0]=11111111011111110111111111111111, sa_flags=SA_RESTART|SA_SIGINFO


---------------  S Y S T E M  ---------------

OS:Bsduname:Darwin 18.2.0 Darwin Kernel Version 18.2.0: Fri Oct  5 19:41:49 PDT 2018; root:xnu-4903.221.2~2/RELEASE_X86_64 x86_64
rlimit: STACK 8192k, CORE 0k, NPROC 709, NOFILE 10240, AS infinity
load average:3.05 2.95 2.80

CPU:total 4 (initial active 4) (2 cores per cpu, 2 threads per core) family 6 model 78 stepping 3, cmov, cx8, fxsr, mmx, sse, sse2, sse3, ssse3, sse4.1, sse4.2, popcnt, avx, avx2, aes, clmul, erms, 3dnowpref, lzcnt, ht, tsc, tscinvbit, bmi1, bmi2, adx

Memory: 4k page, physical 8388608k(189612k free)

/proc/meminfo:


vm_info: Java HotSpot(TM) 64-Bit Server VM (25.181-b13) for bsd-amd64 JRE (1.8.0_181-b13), built on Jul  7 2018 01:02:31 by "java_re" with gcc 4.2.1 (Based on Apple Inc. build 5658) (LLVM build 2336.11.00)

time: Thu Nov 29 19:24:04 2018
elapsed time: 62 seconds (0d 0h 1m 2s)

